npm verbose cli /usr/local/bin/node /usr/local/bin/npm
npm info using npm@10.7.0
npm info using node@v20.15.0
npm verbose title npm install
npm verbose argv "install" "--legacy-peer-deps" "--loglevel" "verbose"
npm verbose logfile logs-max:10 dir:/Users/rafaelribon/.npm/_logs/2024-07-20T20_04_07_840Z-
npm verbose logfile /Users/rafaelribon/.npm/_logs/2024-07-20T20_04_07_840Z-debug-0.log
npm http fetch GET 200 https://registry.npmjs.org/browserstack-cypress-cli 773ms (cache revalidated)
npm http fetch GET 200 https://registry.npmjs.org/cypress 70ms (cache revalidated)
npm http fetch GET 200 https://registry.npmjs.org/archiver 116ms (cache revalidated)
npm http fetch GET 200 https://registry.npmjs.org/async 120ms (cache revalidated)
npm http fetch GET 200 https://registry.npmjs.org/chalk 126ms (cache revalidated)
npm http fetch GET 200 https://registry.npmjs.org/gitconfiglocal 42ms (cache revalidated)
npm http fetch GET 200 https://registry.npmjs.org/git-repo-info 66ms (cache revalidated)
npm http fetch GET 200 https://registry.npmjs.org/glob 52ms (cache revalidated)
npm http fetch GET 200 https://registry.npmjs.org/mocha 51ms (cache revalidated)
npm http fetch GET 200 https://registry.npmjs.org/mkdirp 47ms (cache revalidated)
npm http fetch GET 200 https://registry.npmjs.org/request 46ms (cache revalidated)
npm http fetch GET 200 https://registry.npmjs.org/git-last-commit 300ms (cache revalidated)
npm http fetch GET 200 https://registry.npmjs.org/table 46ms (cache revalidated)
npm http fetch GET 200 https://registry.npmjs.org/update-notifier 48ms (cache revalidated)
npm http fetch GET 200 https://registry.npmjs.org/node-ipc 282ms (cache revalidated)
npm http fetch GET 200 https://registry.npmjs.org/requestretry 263ms (cache revalidated)
npm http fetch GET 200 https://registry.npmjs.org/winston 45ms (cache revalidated)
npm http fetch GET 200 https://registry.npmjs.org/browserstack-local 659ms (cache revalidated)
npm http fetch GET 200 https://registry.npmjs.org/yargs 42ms (cache revalidated)
npm http fetch GET 200 https://registry.npmjs.org/cli-progress 709ms (cache revalidated)
npm http fetch GET 200 https://registry.npmjs.org/fs-extra 724ms (cache revalidated)
npm http fetch GET 200 https://registry.npmjs.org/tmp 66ms (cache revalidated)
npm http fetch GET 200 https://registry.npmjs.org/windows-release 255ms (cache revalidated)
npm http fetch GET 200 https://registry.npmjs.org/debug 44ms (cache revalidated)
npm http fetch GET 200 https://registry.npmjs.org/getmac 863ms (cache revalidated)
npm http fetch GET 200 https://registry.npmjs.org/execa 69ms (cache revalidated)
npm http fetch GET 200 https://registry.npmjs.org/decompress 254ms (cache revalidated)
npm http fetch GET 200 https://registry.npmjs.org/buffer 39ms (cache revalidated)
npm http fetch GET 200 https://registry.npmjs.org/arch 268ms (cache revalidated)
npm http fetch GET 200 https://registry.npmjs.org/dayjs 301ms (cache updated)
npm http fetch GET 200 https://registry.npmjs.org/lodash 57ms (cache revalidated)
npm http fetch GET 200 https://registry.npmjs.org/getos 259ms (cache revalidated)
npm http fetch GET 200 https://registry.npmjs.org/semver 86ms (cache revalidated)
npm http fetch GET 200 https://registry.npmjs.org/figures 55ms (cache revalidated)
npm http fetch GET 200 https://registry.npmjs.org/is-ci 261ms (cache revalidated)
npm http fetch GET 200 https://registry.npmjs.org/bluebird 44ms (cache revalidated)
npm http fetch GET 200 https://registry.npmjs.org/uuid 685ms (cache revalidated)
npm http fetch GET 200 https://registry.npmjs.org/listr2 267ms (cache revalidated)
npm http fetch GET 200 https://registry.npmjs.org/enquirer 60ms (cache revalidated)
npm http fetch GET 200 https://registry.npmjs.org/minimist 58ms (cache revalidated)
npm http fetch GET 200 https://registry.npmjs.org/commander 44ms (cache revalidated)
npm http fetch GET 200 https://registry.npmjs.org/blob-util 257ms (cache revalidated)
npm http fetch GET 200 https://registry.npmjs.org/cli-cursor 57ms (cache revalidated)
npm http fetch GET 200 https://registry.npmjs.org/yauzl 708ms (cache revalidated)
npm http fetch GET 200 https://registry.npmjs.org/cli-table3 44ms (cache revalidated)
npm http fetch GET 200 https://registry.npmjs.org/ospath 666ms (cache revalidated)
npm http fetch GET 200 https://registry.npmjs.org/cachedir 652ms (cache revalidated)
npm http fetch GET 200 https://registry.npmjs.org/process 671ms (cache revalidated)
npm http fetch GET 200 https://registry.npmjs.org/log-symbols 68ms (cache revalidated)
npm http fetch GET 200 https://registry.npmjs.org/common-tags 258ms (cache revalidated)
npm http fetch GET 200 https://registry.npmjs.org/executable 283ms (cache revalidated)
npm http fetch GET 200 https://registry.npmjs.org/lazy-ass 670ms (cache revalidated)
npm http fetch GET 200 https://registry.npmjs.org/proxy-from-env 47ms (cache revalidated)
npm http fetch GET 200 https://registry.npmjs.org/supports-color 45ms (cache revalidated)
npm http fetch GET 200 https://registry.npmjs.org/untildify 658ms (cache revalidated)
npm http fetch GET 200 https://registry.npmjs.org/pretty-bytes 263ms (cache revalidated)
npm http fetch GET 200 https://registry.npmjs.org/eventemitter2 262ms (cache revalidated)
npm http fetch GET 200 https://registry.npmjs.org/is-installed-globally 54ms (cache revalidated)
npm http fetch GET 200 https://registry.npmjs.org/check-more-types 253ms (cache revalidated)
npm http fetch GET 200 https://registry.npmjs.org/extract-zip 663ms (cache revalidated)
npm http fetch GET 200 https://registry.npmjs.org/@cypress%2fxvfb 676ms (cache revalidated)
npm http fetch GET 200 https://registry.npmjs.org/request-progress 639ms (cache revalidated)
npm http fetch GET 200 https://registry.npmjs.org/@types%2fsinonjs__fake-timers 510ms (cache revalidated)
npm http fetch GET 200 https://registry.npmjs.org/@types%2fsizzle 900ms (cache revalidated)
npm http fetch GET 200 https://registry.npmjs.org/@cypress%2frequest 1521ms (cache revalidated)
npm http fetch GET 200 https://registry.npmjs.org/buffer-crc32 44ms (cache revalidated)
npm http fetch GET 200 https://registry.npmjs.org/readable-stream 52ms (cache revalidated)
npm http fetch GET 200 https://registry.npmjs.org/zip-stream 56ms (cache revalidated)
npm http fetch GET 200 https://registry.npmjs.org/archiver-utils 257ms (cache revalidated)
npm http fetch GET 200 https://registry.npmjs.org/is-running 272ms (cache revalidated)
npm http fetch GET 200 https://registry.npmjs.org/agent-base 67ms (cache revalidated)
npm http fetch GET 200 https://registry.npmjs.org/ansi-styles 50ms (cache revalidated)
npm http fetch GET 200 https://registry.npmjs.org/temp-fs 331ms (cache revalidated)
npm http fetch GET 200 https://registry.npmjs.org/decompress-tar 46ms (cache revalidated)
npm http fetch GET 200 https://registry.npmjs.org/decompress-tarbz2 57ms (cache revalidated)
npm http fetch GET 200 https://registry.npmjs.org/decompress-targz 44ms (cache revalidated)
npm http fetch GET 200 https://registry.npmjs.org/graceful-fs 56ms (cache revalidated)
npm http fetch GET 200 https://registry.npmjs.org/string-width 250ms (cache revalidated)
npm http fetch GET 200 https://registry.npmjs.org/make-dir 50ms (cache revalidated)
npm http fetch GET 200 https://registry.npmjs.org/pify 42ms (cache revalidated)
npm http fetch GET 200 https://registry.npmjs.org/https-proxy-agent 644ms (cache revalidated)
npm http fetch GET 200 https://registry.npmjs.org/tar-stream 673ms (cache revalidated)
npm http fetch GET 200 https://registry.npmjs.org/readdir-glob 676ms (cache revalidated)
npm http fetch GET 200 https://registry.npmjs.org/jsonfile 58ms (cache revalidated)
npm http fetch GET 200 https://registry.npmjs.org/decompress-unzip 248ms (cache revalidated)
npm http fetch GET 200 https://registry.npmjs.org/ps-tree 650ms (cache revalidated)
npm http fetch GET 200 https://registry.npmjs.org/once 38ms (cache revalidated)
npm http fetch GET 200 https://registry.npmjs.org/@types%2fnode 65ms (cache revalidated)
npm http fetch GET 200 https://registry.npmjs.org/inflight 126ms (cache revalidated)
npm http fetch GET 200 https://registry.npmjs.org/inherits 119ms (cache revalidated)
npm http fetch GET 200 https://registry.npmjs.org/minimatch 108ms (cache revalidated)
npm http fetch GET 200 https://registry.npmjs.org/fs.realpath 47ms (cache revalidated)
npm http fetch GET 200 https://registry.npmjs.org/path-is-absolute 45ms (cache revalidated)
npm http fetch GET 200 https://registry.npmjs.org/ansi-colors 47ms (cache revalidated)
npm http fetch GET 200 https://registry.npmjs.org/browser-stdout 61ms (cache revalidated)
npm http fetch GET 200 https://registry.npmjs.org/diff 44ms (cache revalidated)
npm http fetch GET 200 https://registry.npmjs.org/chokidar 51ms (cache revalidated)
npm http fetch GET 200 https://registry.npmjs.org/escape-string-regexp 50ms (cache revalidated)
npm http fetch GET 200 https://registry.npmjs.org/find-up 39ms (cache revalidated)
npm http fetch GET 200 https://registry.npmjs.org/ini 259ms (cache revalidated)
npm http fetch GET 200 https://registry.npmjs.org/he 44ms (cache revalidated)
npm http fetch GET 200 https://registry.npmjs.org/serialize-javascript 42ms (cache revalidated)
npm http fetch GET 200 https://registry.npmjs.org/js-yaml 57ms (cache revalidated)
npm http fetch GET 200 https://registry.npmjs.org/ms 59ms (cache revalidated)
npm http fetch GET 200 https://registry.npmjs.org/strip-json-comments 56ms (cache revalidated)
npm http fetch GET 200 https://registry.npmjs.org/workerpool 55ms (cache revalidated)
npm http fetch GET 200 https://registry.npmjs.org/yargs-parser 53ms (cache revalidated)
npm http fetch GET 200 https://registry.npmjs.org/yargs-unparser 61ms (cache revalidated)
npm http fetch GET 200 https://registry.npmjs.org/aws-sign2 35ms (cache revalidated)
npm http fetch GET 200 https://registry.npmjs.org/strip-dirs 666ms (cache revalidated)
npm http fetch GET 200 https://registry.npmjs.org/js-queue 259ms (cache revalidated)
npm http fetch GET 200 https://registry.npmjs.org/aws4 250ms (cache revalidated)
npm http fetch GET 200 https://registry.npmjs.org/universalify 664ms (cache revalidated)
npm http fetch GET 200 https://registry.npmjs.org/combined-stream 71ms (cache revalidated)
npm http fetch GET 200 https://registry.npmjs.org/form-data 61ms (cache revalidated)
npm http fetch GET 200 https://registry.npmjs.org/har-validator 60ms (cache revalidated)
npm http fetch GET 200 https://registry.npmjs.org/is-typedarray 72ms (cache revalidated)
npm http fetch GET 200 https://registry.npmjs.org/forever-agent 295ms (cache revalidated)
npm http fetch GET 200 https://registry.npmjs.org/event-pubsub 644ms (cache revalidated)
npm http fetch GET 200 https://registry.npmjs.org/js-message 644ms (cache revalidated)
npm http fetch GET 200 https://registry.npmjs.org/oauth-sign 40ms (cache revalidated)
npm http fetch GET 200 https://registry.npmjs.org/caseless 648ms (cache revalidated)
npm http fetch GET 200 https://registry.npmjs.org/qs 93ms (cache revalidated)
npm http fetch GET 200 https://registry.npmjs.org/json-stringify-safe 260ms (cache revalidated)
npm http fetch GET 200 https://registry.npmjs.org/safe-buffer 41ms (cache revalidated)
npm http fetch GET 200 https://registry.npmjs.org/tough-cookie 43ms (cache revalidated)
npm http fetch GET 200 https://registry.npmjs.org/performance-now 247ms (cache revalidated)
npm http fetch GET 200 https://registry.npmjs.org/tunnel-agent 71ms (cache revalidated)
npm http fetch GET 200 https://registry.npmjs.org/extend 660ms (cache revalidated)
npm http fetch GET 200 https://registry.npmjs.org/ajv 45ms (cache revalidated)
npm http fetch GET 200 https://registry.npmjs.org/http-signature 662ms (cache revalidated)
npm http fetch GET 200 https://registry.npmjs.org/isstream 684ms (cache revalidated)
npm http fetch GET 200 https://registry.npmjs.org/extend 245ms (cache revalidated)
npm http fetch GET 200 https://registry.npmjs.org/slice-ansi 252ms (cache revalidated)
npm http fetch GET 200 https://registry.npmjs.org/pupa 257ms (cache revalidated)
npm http fetch GET 200 https://registry.npmjs.org/import-lazy 63ms (cache revalidated)
npm http fetch GET 200 https://registry.npmjs.org/boxen 266ms (cache revalidated)
npm http fetch GET 200 https://registry.npmjs.org/latest-version 84ms (cache revalidated)
npm http fetch GET 200 https://registry.npmjs.org/mime-types 712ms (cache revalidated)
npm http fetch GET 200 https://registry.npmjs.org/configstore 248ms (cache revalidated)
npm http fetch GET 200 https://registry.npmjs.org/colors 42ms (cache revalidated)
npm http fetch GET 200 https://registry.npmjs.org/semver-diff 252ms (cache revalidated)
npm http fetch GET 200 https://registry.npmjs.org/stack-trace 37ms (cache revalidated)
npm http fetch GET 200 https://registry.npmjs.org/y18n 43ms (cache revalidated)
npm http fetch GET 200 https://registry.npmjs.org/cliui 36ms (cache revalidated)
npm http fetch GET 200 https://registry.npmjs.org/xdg-basedir 328ms (cache revalidated)
npm http fetch GET 200 https://registry.npmjs.org/set-blocking 67ms (cache revalidated)
npm http fetch GET 200 https://registry.npmjs.org/eyes 260ms (cache revalidated)
npm http fetch GET 200 https://registry.npmjs.org/which-module 53ms (cache revalidated)
npm http fetch GET 200 https://registry.npmjs.org/get-caller-file 46ms (cache revalidated)
npm http fetch GET 200 https://registry.npmjs.org/is-npm 643ms (cache revalidated)
npm http fetch GET 200 https://registry.npmjs.org/require-directory 83ms (cache revalidated)
npm http fetch GET 200 https://registry.npmjs.org/require-main-filename 60ms (cache revalidated)
npm http fetch GET 200 https://registry.npmjs.org/is-in-ci 655ms (cache revalidated)
npm http fetch GET 200 https://registry.npmjs.org/cycle 660ms (cache revalidated)
npm http fetch GET 200 https://registry.npmjs.org/decamelize 632ms (cache revalidated)
npm http fetch GET 200 https://registry.npmjs.org/normalize-path 59ms (cache revalidated)
npm http fetch GET 200 https://registry.npmjs.org/lodash.defaults 261ms (cache revalidated)
npm http fetch GET 200 https://registry.npmjs.org/lodash.difference 281ms (cache revalidated)
npm http fetch GET 200 https://registry.npmjs.org/util-deprecate 49ms (cache revalidated)
npm http fetch GET 200 https://registry.npmjs.org/bl 43ms (cache revalidated)
npm http fetch GET 200 https://registry.npmjs.org/fs-constants 267ms (cache revalidated)
npm http fetch GET 200 https://registry.npmjs.org/lazystream 658ms (cache revalidated)
npm http fetch GET 200 https://registry.npmjs.org/lodash.isplainobject 660ms (cache revalidated)
npm http fetch GET 200 https://registry.npmjs.org/lodash.union 674ms (cache revalidated)
npm http fetch GET 200 https://registry.npmjs.org/lodash.flatten 676ms (cache revalidated)
npm http fetch GET 200 https://registry.npmjs.org/string_decoder 671ms (cache revalidated)
npm http fetch GET 200 https://registry.npmjs.org/compress-commons 253ms (cache revalidated)
npm http fetch GET 200 https://registry.npmjs.org/end-of-stream 663ms (cache revalidated)
npm http fetch GET 200 https://registry.npmjs.org/core-util-is 47ms (cache revalidated)
npm http fetch GET 200 https://registry.npmjs.org/isarray 56ms (cache revalidated)
npm http fetch GET 200 https://registry.npmjs.org/process-nextick-args 275ms (cache revalidated)
npm http fetch GET 200 https://registry.npmjs.org/rimraf 67ms (cache revalidated)
npm http fetch GET 200 https://registry.npmjs.org/event-stream 668ms (cache revalidated)
npm http fetch GET 200 https://registry.npmjs.org/has-flag 36ms (cache revalidated)
npm http fetch GET 200 https://registry.npmjs.org/color-convert 61ms (cache revalidated)
npm http fetch GET 200 https://registry.npmjs.org/color-name 62ms (cache revalidated)
npm http fetch GET 200 https://registry.npmjs.org/emoji-regex 47ms (cache revalidated)
npm http fetch GET 200 https://registry.npmjs.org/is-fullwidth-code-point 51ms (cache revalidated)
npm http fetch GET 200 https://registry.npmjs.org/strip-ansi 63ms (cache revalidated)
npm http fetch GET 200 https://registry.npmjs.org/base64-js 39ms (cache revalidated)
npm http fetch GET 200 https://registry.npmjs.org/restore-cursor 40ms (cache revalidated)
npm http fetch GET 200 https://registry.npmjs.org/ieee754 43ms (cache revalidated)
npm http fetch GET 200 https://registry.npmjs.org/is-stream 43ms (cache revalidated)
npm http fetch GET 200 https://registry.npmjs.org/signal-exit 40ms (cache revalidated)
npm http fetch GET 200 https://registry.npmjs.org/@colors%2fcolors 85ms (cache revalidated)
npm http fetch GET 200 https://registry.npmjs.org/cross-spawn 46ms (cache revalidated)
npm http fetch GET 200 https://registry.npmjs.org/get-stream 52ms (cache revalidated)
npm http fetch GET 200 https://registry.npmjs.org/merge-stream 49ms (cache revalidated)
npm http fetch GET 200 https://registry.npmjs.org/strip-final-newline 43ms (cache revalidated)
npm http fetch GET 200 https://registry.npmjs.org/npm-run-path 68ms (cache revalidated)
npm http fetch GET 200 https://registry.npmjs.org/ci-info 37ms (cache revalidated)
npm http fetch GET 200 https://registry.npmjs.org/global-dirs 39ms (cache revalidated)
npm http fetch GET 200 https://registry.npmjs.org/is-path-inside 36ms (cache revalidated)
npm http fetch GET 200 https://registry.npmjs.org/rxjs 38ms (cache revalidated)
npm http fetch GET 200 https://registry.npmjs.org/p-map 45ms (cache revalidated)
npm http fetch GET 200 https://registry.npmjs.org/human-signals 263ms (cache revalidated)
npm http fetch GET 200 https://registry.npmjs.org/rfdc 251ms (cache revalidated)
npm http fetch GET 200 https://registry.npmjs.org/wrap-ansi 46ms (cache revalidated)
npm http fetch GET 200 https://registry.npmjs.org/through 254ms (cache revalidated)
npm http fetch GET 200 https://registry.npmjs.org/@types%2fyauzl 477ms (cache revalidated)
npm http fetch GET 200 https://registry.npmjs.org/colorette 268ms (cache revalidated)
npm http fetch GET 200 https://registry.npmjs.org/is-unicode-supported 52ms (cache revalidated)
npm http fetch GET 200 https://registry.npmjs.org/lodash.once 658ms (cache revalidated)
npm http fetch GET 200 https://registry.npmjs.org/onetime 687ms (cache revalidated)
npm http fetch GET 200 https://registry.npmjs.org/at-least-node 660ms (cache revalidated)
npm http fetch GET 200 https://registry.npmjs.org/log-update 262ms (cache revalidated)
npm http fetch GET 200 https://registry.npmjs.org/cli-truncate 282ms (cache revalidated)
npm http fetch GET 200 https://registry.npmjs.org/fd-slicer 660ms (cache revalidated)
npm http fetch GET 200 https://registry.npmjs.org/throttleit 681ms (cache revalidated)
npm http fetch GET 200 https://registry.npmjs.org/assert-plus 53ms (cache revalidated)
npm http fetch GET 200 https://registry.npmjs.org/asynckit 56ms (cache revalidated)
npm http fetch GET 200 https://registry.npmjs.org/sshpk 58ms (cache revalidated)
npm http fetch GET 200 https://registry.npmjs.org/jsprim 64ms (cache revalidated)
npm http fetch GET 200 https://registry.npmjs.org/psl 47ms (cache revalidated)
npm http fetch GET 200 https://registry.npmjs.org/punycode 72ms (cache revalidated)
npm http fetch GET 200 https://registry.npmjs.org/side-channel 259ms (cache revalidated)
npm http fetch GET 200 https://registry.npmjs.org/mime-db 295ms (cache revalidated)
npm http fetch GET 200 https://registry.npmjs.org/url-parse 269ms (cache revalidated)
npm http fetch GET 200 https://registry.npmjs.org/delayed-stream 674ms (cache revalidated)
npm http fetch GET 200 https://registry.npmjs.org/unbzip2-stream 262ms (cache revalidated)
npm http fetch GET 200 https://registry.npmjs.org/file-type 271ms (cache revalidated)
npm http fetch GET 200 https://registry.npmjs.org/file-type 278ms (cache revalidated)
npm http fetch GET 200 https://registry.npmjs.org/is-natural-number 660ms (cache revalidated)
npm http fetch GET 200 https://registry.npmjs.org/file-type 679ms (cache revalidated)
npm http fetch GET 200 https://registry.npmjs.org/seek-bzip 690ms (cache revalidated)
npm http fetch GET 200 https://registry.npmjs.org/xtend 47ms (cache revalidated)
npm http fetch GET 200 https://registry.npmjs.org/buffer-alloc 255ms (cache revalidated)
npm http fetch GET 200 https://registry.npmjs.org/to-buffer 645ms (cache revalidated)
npm http fetch GET 200 https://registry.npmjs.org/object-assign 51ms (cache revalidated)
npm http fetch GET 200 https://registry.npmjs.org/pinkie-promise 276ms (cache revalidated)
npm http fetch GET 200 https://registry.npmjs.org/ansi-regex 40ms (cache revalidated)
npm http fetch GET 200 https://registry.npmjs.org/shebang-command 45ms (cache revalidated)
npm http fetch GET 200 https://registry.npmjs.org/path-key 47ms (cache revalidated)
npm http fetch GET 200 https://registry.npmjs.org/mimic-fn 46ms (cache revalidated)
npm http fetch GET 200 https://registry.npmjs.org/path-key 66ms (cache revalidated)
npm http fetch GET 200 https://registry.npmjs.org/which 79ms (cache revalidated)
npm http fetch GET 200 https://registry.npmjs.org/pump 696ms (cache revalidated)
npm http fetch GET 200 https://registry.npmjs.org/shebang-regex 50ms (cache revalidated)
npm http fetch GET 200 https://registry.npmjs.org/isexe 54ms (cache revalidated)
npm http fetch GET 200 https://registry.npmjs.org/undici-types 50ms (cache revalidated)
npm http fetch GET 200 https://registry.npmjs.org/pinkie 642ms (cache revalidated)
npm http fetch GET 200 https://registry.npmjs.org/wrappy 41ms (cache revalidated)
npm http fetch GET 200 https://registry.npmjs.org/brace-expansion 41ms (cache revalidated)
npm http fetch GET 200 https://registry.npmjs.org/safer-buffer 44ms (cache revalidated)
npm http fetch GET 200 https://registry.npmjs.org/verror 49ms (cache revalidated)
npm http fetch GET 200 https://registry.npmjs.org/extsprintf 62ms (cache revalidated)
npm http fetch GET 200 https://registry.npmjs.org/getpass 69ms (cache revalidated)
npm http fetch GET 200 https://registry.npmjs.org/asn1 72ms (cache revalidated)
npm http fetch GET 200 https://registry.npmjs.org/json-schema 81ms (cache revalidated)
npm http fetch GET 200 https://registry.npmjs.org/jsbn 49ms (cache revalidated)
npm http fetch GET 200 https://registry.npmjs.org/tweetnacl 60ms (cache revalidated)
npm http fetch GET 200 https://registry.npmjs.org/bcrypt-pbkdf 48ms (cache revalidated)
npm http fetch GET 200 https://registry.npmjs.org/dashdash 263ms (cache revalidated)
npm http fetch GET 200 https://registry.npmjs.org/ecc-jsbn 252ms (cache revalidated)
npm http fetch GET 200 https://registry.npmjs.org/ansi-escapes 43ms (cache revalidated)
npm http fetch GET 200 https://registry.npmjs.org/tslib 43ms (cache revalidated)
npm http fetch GET 200 https://registry.npmjs.org/aggregate-error 663ms (cache revalidated)
npm http fetch GET 200 https://registry.npmjs.org/astral-regex 668ms (cache revalidated)
npm http fetch GET 200 https://registry.npmjs.org/type-fest 57ms (cache revalidated)
npm http fetch GET 200 https://registry.npmjs.org/concat-map 82ms (cache revalidated)
npm http fetch GET 200 https://registry.npmjs.org/balanced-match 83ms (cache revalidated)
npm http fetch GET 200 https://registry.npmjs.org/anymatch 44ms (cache revalidated)
npm http fetch GET 200 https://registry.npmjs.org/readdirp 46ms (cache revalidated)
npm http fetch GET 200 https://registry.npmjs.org/is-glob 51ms (cache revalidated)
npm http fetch GET 200 https://registry.npmjs.org/glob-parent 54ms (cache revalidated)
npm http fetch GET 200 https://registry.npmjs.org/fsevents 54ms (cache revalidated)
npm http fetch GET 200 https://registry.npmjs.org/braces 64ms (cache revalidated)
npm http fetch GET 200 https://registry.npmjs.org/locate-path 42ms (cache revalidated)
npm http fetch GET 200 https://registry.npmjs.org/path-exists 48ms (cache revalidated)
npm http fetch GET 200 https://registry.npmjs.org/randombytes 54ms (cache revalidated)
npm http fetch GET 200 https://registry.npmjs.org/flat 35ms (cache revalidated)
npm http fetch GET 200 https://registry.npmjs.org/escalade 79ms (cache revalidated)
npm http fetch GET 200 https://registry.npmjs.org/camelcase 264ms (cache revalidated)
npm http fetch GET 200 https://registry.npmjs.org/is-binary-path 665ms (cache revalidated)
npm http fetch GET 200 https://registry.npmjs.org/argparse 655ms (cache revalidated)
npm http fetch GET 200 https://registry.npmjs.org/is-plain-obj 635ms (cache revalidated)
npm http fetch GET 200 https://registry.npmjs.org/is-extglob 43ms (cache revalidated)
npm http fetch GET 200 https://registry.npmjs.org/fill-range 48ms (cache revalidated)
npm http fetch GET 200 https://registry.npmjs.org/picomatch 48ms (cache revalidated)
npm http fetch GET 200 https://registry.npmjs.org/picomatch 54ms (cache revalidated)
npm http fetch GET 200 https://registry.npmjs.org/binary-extensions 60ms (cache revalidated)
npm http fetch GET 200 https://registry.npmjs.org/to-regex-range 250ms (cache revalidated)
npm http fetch GET 200 https://registry.npmjs.org/is-number 47ms (cache revalidated)
npm http fetch GET 200 https://registry.npmjs.org/p-locate 40ms (cache revalidated)
npm http fetch GET 200 https://registry.npmjs.org/p-limit 643ms (cache revalidated)
npm http fetch GET 200 https://registry.npmjs.org/easy-stack 625ms (cache revalidated)
npm http fetch GET 200 https://registry.npmjs.org/yocto-queue 44ms (cache revalidated)
npm http fetch GET 200 https://registry.npmjs.org/clean-stack 44ms (cache revalidated)
npm http fetch GET 200 https://registry.npmjs.org/indent-string 673ms (cache revalidated)
npm http fetch GET 200 https://registry.npmjs.org/map-stream 257ms (cache revalidated)
npm http fetch GET 200 https://registry.npmjs.org/from 272ms (cache revalidated)
npm http fetch GET 200 https://registry.npmjs.org/pause-stream 653ms (cache revalidated)
npm http fetch GET 200 https://registry.npmjs.org/split 660ms (cache revalidated)
npm http fetch GET 200 https://registry.npmjs.org/stream-combiner 661ms (cache revalidated)
npm http fetch GET 200 https://registry.npmjs.org/duplexer 686ms (cache revalidated)
npm http fetch GET 200 https://registry.npmjs.org/es-errors 39ms (cache revalidated)
npm http fetch GET 200 https://registry.npmjs.org/get-intrinsic 51ms (cache revalidated)
npm http fetch GET 200 https://registry.npmjs.org/object-inspect 52ms (cache revalidated)
npm http fetch GET 200 https://registry.npmjs.org/call-bind 77ms (cache revalidated)
npm http fetch GET 200 https://registry.npmjs.org/har-schema 69ms (cache revalidated)
npm http fetch GET 200 https://registry.npmjs.org/fast-json-stable-stringify 38ms (cache revalidated)
npm http fetch GET 200 https://registry.npmjs.org/json-schema-traverse 43ms (cache revalidated)
npm http fetch GET 200 https://registry.npmjs.org/fast-deep-equal 45ms (cache revalidated)
npm http fetch GET 200 https://registry.npmjs.org/uri-js 48ms (cache revalidated)
npm http fetch GET 200 https://registry.npmjs.org/function-bind 40ms (cache revalidated)
npm http fetch GET 200 https://registry.npmjs.org/hasown 41ms (cache revalidated)
npm http fetch GET 200 https://registry.npmjs.org/set-function-length 44ms (cache revalidated)
npm http fetch GET 200 https://registry.npmjs.org/has-symbols 56ms (cache revalidated)
npm http fetch GET 200 https://registry.npmjs.org/has-proto 64ms (cache revalidated)
npm http fetch GET 200 https://registry.npmjs.org/es-define-property 691ms (cache revalidated)
npm http fetch GET 200 https://registry.npmjs.org/has-property-descriptors 45ms (cache revalidated)
npm http fetch GET 200 https://registry.npmjs.org/define-data-property 61ms (cache revalidated)
npm http fetch GET 200 https://registry.npmjs.org/gopd 650ms (cache revalidated)
npm http fetch GET 200 https://registry.npmjs.org/requires-port 662ms (cache revalidated)
npm http fetch GET 200 https://registry.npmjs.org/querystringify 710ms (cache revalidated)
npm http fetch GET 200 https://registry.npmjs.org/package-json 48ms (cache revalidated)
npm http fetch GET 200 https://registry.npmjs.org/unique-string 55ms (cache revalidated)
npm http fetch GET 200 https://registry.npmjs.org/write-file-atomic 287ms (cache revalidated)
npm http fetch GET 200 https://registry.npmjs.org/escape-goat 269ms (cache revalidated)
npm http fetch GET 200 https://registry.npmjs.org/cli-boxes 655ms (cache revalidated)
npm http fetch GET 200 https://registry.npmjs.org/ansi-align 656ms (cache revalidated)
npm http fetch GET 200 https://registry.npmjs.org/dot-prop 654ms (cache revalidated)
npm http fetch GET 200 https://registry.npmjs.org/widest-line 680ms (cache revalidated)
npm http fetch GET 200 https://registry.npmjs.org/eastasianwidth 54ms (cache revalidated)
npm http fetch GET 200 https://registry.npmjs.org/crypto-random-string 38ms (cache revalidated)
npm http fetch GET 200 https://registry.npmjs.org/imurmurhash 41ms (cache revalidated)
npm http fetch GET 200 https://registry.npmjs.org/typedarray-to-buffer 42ms (cache revalidated)
npm http fetch GET 200 https://registry.npmjs.org/is-obj 657ms (cache revalidated)
npm http fetch GET 200 https://registry.npmjs.org/registry-auth-token 57ms (cache revalidated)
npm http fetch GET 200 https://registry.npmjs.org/registry-url 59ms (cache revalidated)
npm http fetch GET 200 https://registry.npmjs.org/got 673ms (cache revalidated)
npm http fetch GET 200 https://registry.npmjs.org/responselike 57ms (cache revalidated)
npm http fetch GET 200 https://registry.npmjs.org/p-cancelable 60ms (cache revalidated)
npm http fetch GET 200 https://registry.npmjs.org/form-data-encoder 247ms (cache revalidated)
npm http fetch GET 200 https://registry.npmjs.org/@sindresorhus%2fis 515ms (cache revalidated)
npm http fetch GET 200 https://registry.npmjs.org/http2-wrapper 646ms (cache revalidated)
npm http fetch GET 200 https://registry.npmjs.org/cacheable-lookup 650ms (cache revalidated)
npm http fetch GET 200 https://registry.npmjs.org/lowercase-keys 657ms (cache revalidated)
npm http fetch GET 200 https://registry.npmjs.org/cacheable-request 664ms (cache revalidated)
npm http fetch GET 200 https://registry.npmjs.org/decompress-response 689ms (cache revalidated)
npm http fetch GET 200 https://registry.npmjs.org/rc 263ms (cache revalidated)
npm http fetch GET 200 https://registry.npmjs.org/@pnpm%2fnpm-conf 929ms (cache revalidated)
npm http fetch GET 200 https://registry.npmjs.org/@szmarczak%2fhttp-timer 1476ms (cache revalidated)
npm http fetch GET 200 https://registry.npmjs.org/normalize-url 57ms (cache revalidated)
npm http fetch GET 200 https://registry.npmjs.org/keyv 61ms (cache revalidated)
npm http fetch GET 200 https://registry.npmjs.org/mimic-response 87ms (cache revalidated)
npm http fetch GET 200 https://registry.npmjs.org/http-cache-semantics 261ms (cache revalidated)
npm http fetch GET 200 https://registry.npmjs.org/defer-to-connect 265ms (cache revalidated)
npm http fetch GET 200 https://registry.npmjs.org/resolve-alpn 286ms (cache revalidated)
npm http fetch GET 200 https://registry.npmjs.org/mimic-response 654ms (cache revalidated)
npm http fetch GET 200 https://registry.npmjs.org/quick-lru 658ms (cache revalidated)
npm http fetch GET 200 https://registry.npmjs.org/@types%2fhttp-cache-semantics 884ms (cache revalidated)
npm http fetch GET 200 https://registry.npmjs.org/json-buffer 46ms (cache revalidated)
npm http fetch GET 200 https://registry.npmjs.org/config-chain 653ms (cache revalidated)
npm http fetch GET 200 https://registry.npmjs.org/@pnpm%2fnetwork.ca-file 693ms (cache revalidated)
npm http fetch GET 200 https://registry.npmjs.org/@pnpm%2fconfig.env-replace 1308ms (cache revalidated)
npm http fetch GET 200 https://registry.npmjs.org/proto-list 256ms (cache revalidated)
npm http fetch GET 200 https://registry.npmjs.org/deep-extend 52ms (cache revalidated)
npm http fetch GET 200 https://registry.npmjs.org/pend 255ms (cache revalidated)
npm http fetch GET 200 https://registry.npmjs.org/crc32-stream 643ms (cache revalidated)
npm http fetch GET 200 https://registry.npmjs.org/crc-32 660ms (cache revalidated)
npm http fetch GET 200 https://registry.npmjs.org/buffer-alloc-unsafe 274ms (cache revalidated)
npm http fetch GET 200 https://registry.npmjs.org/buffer-fill 667ms (cache revalidated)
npm http fetch GET 200 https://registry.npmjs.org/p-try 44ms (cache revalidated)
npm http fetch POST 200 https://registry.npmjs.org/-/npm/v1/security/advisories/bulk 403ms
npm warn deprecated inflight@1.0.6: This module is not supported, and leaks memory. Do not use it. Check out lru-cache if you want a good and tested way to coalesce async requests by a key value, which is much more comprehensive and powerful.
npm warn deprecated rimraf@2.5.4: Rimraf versions prior to v4 are no longer supported
npm warn deprecated har-validator@5.1.5: this library is no longer supported
npm warn deprecated glob@7.2.3: Glob versions prior to v9 are no longer supported
npm warn deprecated glob@8.1.0: Glob versions prior to v9 are no longer supported
npm warn deprecated uuid@3.4.0: Please upgrade  to version 7 or higher.  Older versions may use Math.random() in certain circumstances, which is known to be problematic.  See https://v8.dev/blog/math-random for details.
npm warn deprecated request@2.88.2: request has been deprecated, see https://github.com/request/request/issues/3142
npm http fetch GET 200 https://registry.npmjs.org/@types/node/-/node-20.14.11.tgz 1064ms (cache miss)
npm http fetch GET 200 https://registry.npmjs.org/dayjs/-/dayjs-1.11.12.tgz 1187ms (cache miss)
npm http fetch GET 200 https://registry.npmjs.org/cypress/-/cypress-13.13.1.tgz 1426ms (cache miss)
npm info run fsevents@2.3.3 install node_modules/fsevents node-gyp rebuild
npm info run fsevents@2.3.3 install { code: 1, signal: null }
npm verbose reify failed optional dependency /Users/rafaelribon/sources/POS/web/automacao-web-pgats/tmpBstackPackages/node_modules/fsevents
npm info run cypress@13.13.1 postinstall node_modules/cypress node index.js --exec install
npm info run cypress@13.13.1 postinstall { code: 0, signal: null }

added 460 packages, and audited 461 packages in 35s

94 packages are looking for funding
  run `npm fund` for details

3 moderate severity vulnerabilities

To address all issues (including breaking changes), run:
  npm audit fix --force

Run `npm audit` for details.
npm verbose exit 0
npm info ok
